app/proguard-rules.pro
-keep class com.twks.wifi.NativeEngine { *; }
-keepclassmembers class com.twks.wifi.NativeEngine {
    native <methods>;
}
-dontwarn sun.misc.Unsafe