app/build/outputs/mapping/release/seeds.txt
androidx.compose.ui.platform.AndroidComposeView: void setLayoutDirection(androidx.compose.ui.unit.LayoutDirection)
androidx.core.os.TraceCompat$Api18Impl: void endSection()
androidx.profileinstaller.FileSectionType: androidx.profileinstaller.FileSectionType valueOf(java.lang.String)
androidx.lifecycle.ReportFragment$LifecycleCallbacks: void onActivityStopped(android.app.Activity)
kotlinx.coroutines.channels.BufferOverflow: kotlinx.coroutines.channels.BufferOverflow valueOf(java.lang.String)
androidx.core.graphics.drawable.IconCompat$Api26Impl: android.graphics.drawable.Drawable createAdaptiveIconDrawable(android.graphics.drawable.Drawable,android.graphics.drawable.Drawable)
androidx.compose.ui.autofill.AutofillApi26Helper: boolean isList(android.view.autofill.AutofillValue)
androidx.lifecycle.EmptyActivityLifecycleCallbacks: void onActivityDestroyed(android.app.Activity)
androidx.compose.ui.platform.AndroidComposeView: androidx.compose.ui.platform.AndroidComposeView$ViewTreeOwners getViewTreeOwners()
androidx.lifecycle.ProcessLifecycleOwner$attach$1: void onActivityPreCreated(android.app.Activity,android.os.Bundle)
androidx.activity.ComponentActivity$Api33Impl: android.window.OnBackInvokedDispatcher getOnBackInvokedDispatcher(android.app.Activity)
kotlinx.coroutines.flow.SharingCommand: kotlinx.coroutines.flow.SharingCommand[] values()
androidx.compose.ui.autofill.AutofillApi23Helper: void setId(android.view.ViewStructure,int,java.lang.String,java.lang.String,java.lang.String)
androidx.compose.ui.platform.AndroidViewsHandler: java.util.HashMap getLayoutNodeToHolder()
androidx.compose.ui.platform.AndroidComposeView: androidx.compose.ui.modifier.ModifierLocalManager getModifierLocalManager()
kotlinx.coroutines.android.AndroidDispatcherFactory: AndroidDispatcherFactory()
androidx.core.view.ViewConfigurationCompat$Api26Impl: float getScaledHorizontalScrollFactor(android.view.ViewConfiguration)
kotlin.coroutines.intrinsics.CoroutineSingletons: kotlin.coroutines.intrinsics.CoroutineSingletons[] values()
androidx.core.os.TraceCompat$Api18Impl: void beginSection(java.lang.String)
androidx.core.graphics.drawable.IconCompat$Api23Impl: android.graphics.drawable.Icon toIcon(androidx.core.graphics.drawable.IconCompat,android.content.Context)
androidx.compose.ui.platform.AndroidComposeView: void setOnViewTreeOwnersAvailable(kotlin.jvm.functions.Function1)
androidx.lifecycle.ProcessLifecycleOwner$Api29Impl: void registerActivityLifecycleCallbacks(android.app.Activity,android.app.Application$ActivityLifecycleCallbacks)
androidx.compose.ui.platform.AndroidComposeView: android.view.View getView()
androidx.lifecycle.LifecycleDispatcher$DispatcherActivityCallback: void onActivityCreated(android.app.Activity,android.os.Bundle)
androidx.lifecycle.ProcessLifecycleOwner$attach$1: void onActivityPaused(android.app.Activity)
kotlinx.coroutines.android.AndroidDispatcherFactory: int getLoadPriority()
androidx.compose.ui.platform.AndroidComposeView: androidx.compose.ui.text.input.PlatformTextInputPluginRegistry getPlatformTextInputPluginRegistry()
androidx.lifecycle.EmptyActivityLifecycleCallbacks: void onActivityStopped(android.app.Activity)
kotlinx.coroutines.CoroutineStart: kotlinx.coroutines.CoroutineStart valueOf(java.lang.String)
androidx.core.app.RemoteActionCompatParcelizer: androidx.core.app.RemoteActionCompat read(androidx.versionedparcelable.VersionedParcel)
androidx.compose.ui.platform.AndroidComposeView: void setLastMatrixRecalculationAnimationTime$ui_release(long)
androidx.compose.ui.autofill.AutofillCallback: void register(androidx.compose.ui.autofill.AndroidAutofill)
androidx.compose.ui.autofill.AutofillApi26Helper: void setAutofillType(android.view.ViewStructure,int)
androidx.lifecycle.ReportFragment: ReportFragment()
androidx.profileinstaller.ProfileInstallerInitializer: ProfileInstallerInitializer()
androidx.profileinstaller.ProfileInstallReceiver: ProfileInstallReceiver()