app/build/outputs/mapping/release/mapping.txt
# compiler: R8
# compiler_version: 8.2.33
# min_api: 26
# common_typos_disable
# {"id":"com.android.tools.r8.mapping","version":"2.2"}
# pg_map_id: 6d6f98b
# pg_map_hash: SHA-256 6d6f98b66ddafbb43ef44309084979e3cec038036d8f9b9877af80cc827d502d
...
androidx.savedstate.Recreator -> androidx.savedstate.Recreator:
# {"id":"sourceFile","fileName":"Recreator.kt"}
    4:13:void onStateChanged(androidx.lifecycle.LifecycleOwner,androidx.lifecycle.Lifecycle$Event):30:30 -> b
      # {"id":"com.android.tools.r8.residualsignature","signature":"(Landroidx/lifecycle/p;Landroidx/lifecycle/j;)V"}
    14:19:void onStateChanged(androidx.lifecycle.LifecycleOwner,androidx.lifecycle.Lifecycle$Event):32:32 -> b
    20:20:void onStateChanged(androidx.lifecycle.LifecycleOwner,androidx.lifecycle.Lifecycle$Event):33:33 -> b
androidx.savedstate.Recreator$Companion -> R8$$REMOVED$$CLASS$$69:
# {"id":"sourceFile","fileName":"Recreator.kt"}
androidx.startup.AppInitializer -> d0.a:
# {"id":"sourceFile","fileName":"AppInitializer.java"}
    java.util.Map mInitialized -> a
      # {"id":"com.android.tools.r8.residualsignature","signature":"Ljava/util/HashMap;"}
    java.util.Set mDiscovered -> b
      # {"id":"com.android.tools.r8.residualsignature","signature":"Ljava/util/HashSet;"}
    android.content.Context mContext -> c
    androidx.startup.AppInitializer sInstance -> d
      # {"id":"com.android.tools.r8.residualsignature","signature":"Ld0/a;"}
    java.lang.Object sLock -> e
    0:7:void <clinit>():57:57 -> <clinit>
    0:2:void <init>(android.content.Context):73:73 -> <init>
    3:8:void <init>(android.content.Context):74:74 -> <init>
    9:15:void <init>(android.content.Context):75:75 -> <init>
    16:23:void <init>(android.content.Context):76:76 -> <init>
    4:9:void discoverAndInitialize(android.os.Bundle):216:216 -> a
    10:14:void discoverAndInitialize(android.os.Bundle):219:219 -> a
    15:18:void discoverAndInitialize(android.os.Bundle):220:220 -> a
    19:37:void discoverAndInitialize(android.os.Bundle):221:221 -> a
    38:41:void discoverAndInitialize(android.os.Bundle):222:222 -> a
    42:47:void discoverAndInitialize(android.os.Bundle):223:223 -> a
    48:53:void discoverAndInitialize(android.os.Bundle):224:224 -> a
    54:59:void discoverAndInitialize(android.os.Bundle):225:225 -> a
    60:65:void discoverAndInitialize(android.os.Bundle):228:228 -> a
androidx.startup.InitializationProvider -> androidx.startup.InitializationProvider:
# {"id":"sourceFile","fileName":"InitializationProvider.java"}
    0:3:void <init>():33:33 -> <init>
    0:7:int delete(android.net.Uri,java.lang.String,java.lang.String[]):83:83 -> delete
    0:7:java.lang.String getType(android.net.Uri):69:69 -> getType
    0:7:android.net.Uri insert(android.net.Uri,android.content.ContentValues):75:75 -> insert
    0:5:boolean onCreate():37:37 -> onCreate
    6:11:boolean onCreate():43:43 -> onCreate
    12:15:boolean onCreate():45:45 -> onCreate
    16:19:void androidx.startup.AppInitializer.discoverAndInitialize():200:200 -> onCreate
    16:19:boolean onCreate():45 -> onCreate
      # {"id":"com.android.tools.r8.rewriteFrame","conditions":["throws(Ljava/lang/NullPointerException;)"],"actions":["removeInnerFrames(1)"]}
    20:22:void androidx.tracing.TraceApi18Impl.beginSection(java.lang.String):49:49 -> onCreate
    20:22:void androidx.tracing.Trace.beginSection(java.lang.String):81 -> onCreate
    20:22:void androidx.startup.AppInitializer.discoverAndInitialize():200 -> onCreate
    20:22:boolean onCreate():45 -> onCreate
    23:30:void androidx.startup.AppInitializer.discoverAndInitialize():201:201 -> onCreate
    23:30:boolean onCreate():45 -> onCreate
    31:37:void androidx.startup.AppInitializer.discoverAndInitialize():202:202 -> onCreate
    31:37:boolean onCreate():45 -> onCreate
androidx.startup.Initializer -> d0.b:
# {"id":"sourceFile","fileName":"Initializer.java"}
    java.lang.Object create(android.content.Context) -> a
    java.util.List dependencies() -> b
androidx.startup.StartupException -> d0.c:
# {"id":"sourceFile","fileName":"StartupException.java"}
androidx.tracing.Trace -> R8$$REMOVED$$CLASS$$70:
# {"id":"sourceFile","fileName":"Trace.java"}