app/build/outputs/mapping/release/usage.txt
com.twks.wifi.R$style
com.twks.wifi.R
com.vanta.wifidos.ComposableSingletons$MainActivityKt$lambda-1$1
com.vanta.wifidos.ComposableSingletons$MainActivityKt$lambda-2$1
com.vanta.wifidos.ComposableSingletons$MainActivityKt
com.vanta.wifidos.MainActivity$locationPermissionRequest$1
com.vanta.wifidos.MainActivity$onCreate$1$1
com.vanta.wifidos.MainActivity$onCreate$1
com.vanta.wifidos.MainActivity
com.vanta.wifidos.MainActivityKt$AttackScreen$1$1$invoke$$inlined$items$default$1
com.vanta.wifidos.MainActivityKt$AttackScreen$1$1$invoke$$inlined$items$default$2
com.vanta.wifidos.MainActivityKt$AttackScreen$1$1$invoke$$inlined$items$default$3
com.vanta.wifidos.MainActivityKt$AttackScreen$1$1$invoke$$inlined$items$default$4
com.vanta.wifidos.MainActivityKt$AttackScreen$1$1
com.vanta.wifidos.MainActivityKt$AttackScreen$1$2
com.vanta.wifidos.MainActivityKt$AttackScreen$2
com.vanta.wifidos.MainActivityKt$MenuButton$1
com.vanta.wifidos.MainActivityKt$MenuButton$2
com.vanta.wifidos.MainActivityKt$MenuScreen$2
com.vanta.wifidos.MainActivityKt$TargetListScreen$1$1$1
com.vanta.wifidos.MainActivityKt$TargetListScreen$1$1$2
com.vanta.wifidos.MainActivityKt$TargetListScreen$1$invoke$$inlined$items$default$1
com.vanta.wifidos.MainActivityKt$TargetListScreen$1$invoke$$inlined$items$default$2
com.vanta.wifidos.MainActivityKt$TargetListScreen$1$invoke$$inlined$items$default$3
com.vanta.wifidos.MainActivityKt$TargetListScreen$1$invoke$$inlined$items$default$4
com.vanta.wifidos.MainActivityKt$TargetListScreen$1
com.vanta.wifidos.MainActivityKt$TargetListScreen$2
com.vanta.wifidos.MainActivityKt$TerminalApp$1$1
com.vanta.wifidos.MainActivityKt$TerminalApp$2$1$2$1
com.vanta.wifidos.MainActivityKt$TerminalApp$2$1$3
com.vanta.wifidos.MainActivityKt$TerminalApp$2$1$4$1
com.vanta.wifidos.MainActivityKt$TerminalApp$2$1$5$1
com.vanta.wifidos.MainActivityKt$TerminalApp$2$1$6$1
com.vanta.wifidos.MainActivityKt$TerminalApp$2$1$6
com.vanta.wifidos.MainActivityKt$TerminalApp$2$1$7$1
com.vanta.wifidos.MainActivityKt$TerminalApp$2$1$8$1
com.vanta.wifidos.MainActivityKt$TerminalApp$2
com.vanta.wifidos.MainActivityKt$TerminalApp$3
com.vanta.wifidos.MainActivityKt
com.vanta.wifidos.NativeEngine
com.vanta.wifidos.NetworkEngine
com.vanta.wifidos.RootShell
com.vanta.wifidos.WifiNetwork
...
androidx.compose.material.SwipeToDismissKt$SwipeToDismiss$3
androidx.compose.material.SwipeToDismissKt$rememberDismissState$1
androidx.compose.material.SwipeToDismissKt$rememberDismissState$2$1
androidx.compose.material.SwipeToDismissKt
androidx.compose.material.SwipeableDefaults
androidx.compose.material.SwipeableKt$PreUpPostDownNestedScrollConnection$1$onPostFling$1
androidx.compose.material.SwipeableKt$PreUpPostDownNestedScrollConnection$1$onPreFling$1
androidx.compose.material.SwipeableKt$PreUpPostDownNestedScrollConnection$1
androidx.compose.material.SwipeableKt$rememberSwipeableState$1
androidx.compose.material.SwipeableKt$rememberSwipeableState$2
androidx.compose.material.SwipeableKt$rememberSwipeableStateFor$1
androidx.compose.material.SwipeableKt$rememberSwipeableStateFor$2$invoke$$inlined$onDispose$1
androidx.compose.material.SwipeableKt$rememberSwipeableStateFor$2
androidx.compose.material.SwipeableKt$rememberSwipeableStateFor$swipeableState$1$1
androidx.compose.material.SwipeableKt$swipeable$1
androidx.compose.material.SwipeableKt$swipeable$3$3$1
androidx.compose.material.SwipeableKt$swipeable$3$3
androidx.compose.material.SwipeableKt$swipeable$3$4$1$1
androidx.compose.material.SwipeableKt$swipeable$3$4$1
androidx.compose.material.SwipeableKt$swipeable$3
androidx.compose.material.SwipeableKt$swipeable-pPrIpRY$$inlined$debugInspectorInfo$1
androidx.compose.material.SwipeableKt
androidx.compose.material.SwipeableState$1
androidx.compose.material.SwipeableState$Companion$Saver$1
androidx.compose.material.SwipeableState$Companion$Saver$2
androidx.compose.material.SwipeableState$Companion
androidx.compose.material.SwipeableState$animateInternalToOffset$2$1
androidx.compose.material.SwipeableState$animateInternalToOffset$2
androidx.compose.material.SwipeableState$animateTo$2$emit$1
androidx.compose.material.SwipeableState$animateTo$2
androidx.compose.material.SwipeableState$draggableState$1
androidx.compose.material.SwipeableState$latestNonEmptyAnchorsFlow$1
androidx.compose.material.SwipeableState$performFling$2
androidx.compose.material.SwipeableState$processNewAnchors$1
androidx.compose.material.SwipeableState$snapInternalToOffset$2
androidx.compose.material.SwipeableState$snapTo$2$emit$1
androidx.compose.material.SwipeableState$snapTo$2
androidx.compose.material.SwipeableState$special$$inlined$filter$1$2$1
androidx.compose.material.SwipeableState$special$$inlined$filter$1$2
androidx.compose.material.SwipeableState$special$$inlined$filter$1
androidx.compose.material.SwipeableState$thresholds$2
androidx.compose.material.SwipeableState
androidx.compose.material.SwitchColors
androidx.compose.material.SwitchDefaults
androidx.compose.material.SwitchKt$Switch$2$1
androidx.compose.material.SwitchKt$Switch$3$1$1
androidx.compose.material.SwitchKt$Switch$3$1$2
androidx.compose.material.SwitchKt$Switch$3$1
androidx.compose.material.SwitchKt$Switch$4$1
androidx.compose.material.SwitchKt$Switch$5$1$1
androidx.compose.material.SwitchKt$Switch$6
androidx.compose.material.SwitchKt$Switch$anchoredDraggableState$1$1
androidx.compose.material.SwitchKt$Switch$anchoredDraggableState$1$2
androidx.compose.material.SwitchKt$SwitchImpl$1$1$1
androidx.compose.material.SwitchKt$SwitchImpl$1$1
androidx.compose.material.SwitchKt$SwitchImpl$2$1
androidx.compose.material.SwitchKt$SwitchImpl$3$1
androidx.compose.material.SwitchKt$SwitchImpl$4
androidx.compose.material.SwitchKt
androidx.compose.material.TabKt$LeadingIconTab$2
androidx.compose.material.TabKt$LeadingIconTab$3
androidx.compose.material.TabKt$Tab$2
androidx.compose.material.TabKt$Tab$3
androidx.compose.material.TabKt$Tab$5
androidx.compose.material.TabKt$Tab$6
androidx.compose.material.TabKt$Tab$styledText$1$1
androidx.compose.material.TabKt$TabBaselineLayout$2$measure$1
androidx.compose.material.TabKt$TabBaselineLayout$2
androidx.compose.material.TabKt$TabBaselineLayout$3
androidx.compose.material.TabKt$TabTransition$1
androidx.compose.material.TabKt$TabTransition$color$2